[2021-04-02 11:33:39] production.ERROR: Please provide a valid cache path. {"exception":"[object] (InvalidArgumentException(code: 0): Please provide a valid cache path. at /var/www/html/demo/application/vendor/laravel/framework/src/Illuminate/View/Compilers/Compiler.php:36)
[stacktrace]
#0 /var/www/html/demo/application/vendor/laravel/framework/src/Illuminate/View/ViewServiceProvider.php(91): Illuminate\\View\\Compilers\\Compiler->__construct()
#1 /var/www/html/demo/application/vendor/laravel/framework/src/Illuminate/Container/Container.php(805): Illuminate\\View\\ViewServiceProvider->Illuminate\\View\\{closure}()
#2 /var/www/html/demo/application/vendor/laravel/framework/src/Illuminate/Container/Container.php(691): Illuminate\\Container\\Container->build()
#3 /var/www/html/demo/application/vendor/laravel/framework/src/Illuminate/Foundation/Application.php(796): Illuminate\\Container\\Container->resolve()
#4 /var/www/html/demo/application/vendor/laravel/framework/src/Illuminate/Container/Container.php(637): Illuminate\\Foundation\\Application->resolve()
#5 /var/www/html/demo/application/vendor/laravel/framework/src/Illuminate/Foundation/Application.php(781): Illuminate\\Container\\Container->make()
#6 /var/www/html/demo/application/vendor/laravel/framework/src/Illuminate/Container/Container.php(1284): Illuminate\\Foundation\\Application->make()
#7 /var/www/html/demo/application/vendor/laravel/framework/src/Illuminate/View/ViewServiceProvider.php(151): Illuminate\\Container\\Container->offsetGet()
#8 [internal function]: Illuminate\\View\\ViewServiceProvider->Illuminate\\View\\{closure}()
#9 /var/www/html/demo/application/vendor/laravel/framework/src/Illuminate/View/Engines/EngineResolver.php(55): call_user_func()
#10 /var/www/html/demo/application/vendor/facade/ignition/src/IgnitionServiceProvider.php(385): Illuminate\\View\\Engines\\EngineResolver->resolve()
#11 /var/www/html/demo/application/vendor/facade/ignition/src/IgnitionServiceProvider.php(123): Facade\\Ignition\\IgnitionServiceProvider->hasCustomViewEnginesRegistered()
#12 /var/www/html/demo/application/vendor/facade/ignition/src/IgnitionServiceProvider.php(82): Facade\\Ignition\\IgnitionServiceProvider->registerViewEngines()
#13 [internal function]: Facade\\Ignition\\IgnitionServiceProvider->boot()
#14 /var/www/html/demo/application/vendor/laravel/framework/src/Illuminate/Container/BoundMethod.php(37): call_user_func_array()
#15 /var/www/html/demo/application/vendor/laravel/framework/src/Illuminate/Container/Util.php(37): Illuminate\\Container\\BoundMethod::Illuminate\\Container\\{closure}()
#16 /var/www/html/demo/application/vendor/laravel/framework/src/Illuminate/Container/BoundMethod.php(95): Illuminate\\Container\\Util::unwrapIfClosure()
#17 /var/www/html/demo/application/vendor/laravel/framework/src/Illuminate/Container/BoundMethod.php(39): Illuminate\\Container\\BoundMethod::callBoundMethod()
#18 /var/www/html/demo/application/vendor/laravel/framework/src/Illuminate/Container/Container.php(596): Illuminate\\Container\\BoundMethod::call()
#19 /var/www/html/demo/application/vendor/laravel/framework/src/Illuminate/Foundation/Application.php(867): Illuminate\\Container\\Container->call()
#20 /var/www/html/demo/application/vendor/laravel/framework/src/Illuminate/Foundation/Application.php(850): Illuminate\\Foundation\\Application->bootProvider()
#21 [internal function]: Illuminate\\Foundation\\Application->Illuminate\\Foundation\\{closure}()
#22 /var/www/html/demo/application/vendor/laravel/framework/src/Illuminate/Foundation/Application.php(851): array_walk()
#23 /var/www/html/demo/application/vendor/laravel/framework/src/Illuminate/Foundation/Bootstrap/BootProviders.php(17): Illuminate\\Foundation\\Application->boot()
#24 /var/www/html/demo/application/vendor/laravel/framework/src/Illuminate/Foundation/Application.php(230): Illuminate\\Foundation\\Bootstrap\\BootProviders->bootstrap()
#25 /var/www/html/demo/application/vendor/laravel/framework/src/Illuminate/Foundation/Console/Kernel.php(310): Illuminate\\Foundation\\Application->bootstrapWith()
#26 /var/www/html/demo/application/vendor/laravel/framework/src/Illuminate/Foundation/Console/Kernel.php(127): Illuminate\\Foundation\\Console\\Kernel->bootstrap()
#27 /var/www/html/demo/application/artisan(37): Illuminate\\Foundation\\Console\\Kernel->handle()
#28 {main}
"} 
[2021-06-21 08:35:27] production.ERROR: The use statement with non-compound name 'Mail' has no effect {"exception":"[object] (ErrorException(code: 0): The use statement with non-compound name 'Mail' has no effect at /var/www/html/application/routes/web.php:2)
[stacktrace]
#0 /var/www/html/application/vendor/laravel/framework/src/Illuminate/Routing/RouteFileRegistrar.php(35): Illuminate\\Foundation\\Bootstrap\\HandleExceptions->handleError()
#1 /var/www/html/application/vendor/laravel/framework/src/Illuminate/Routing/RouteFileRegistrar.php(35): require()
#2 /var/www/html/application/vendor/laravel/framework/src/Illuminate/Routing/Router.php(417): Illuminate\\Routing\\RouteFileRegistrar->register()
#3 /var/www/html/application/vendor/laravel/framework/src/Illuminate/Routing/Router.php(374): Illuminate\\Routing\\Router->loadRoutes()
#4 /var/www/html/application/vendor/laravel/framework/src/Illuminate/Routing/RouteRegistrar.php(134): Illuminate\\Routing\\Router->group()
#5 /var/www/html/application/app/Providers/RouteServiceProvider.php(62): Illuminate\\Routing\\RouteRegistrar->group()
#6 /var/www/html/application/app/Providers/RouteServiceProvider.php(46): App\\Providers\\RouteServiceProvider->mapWebRoutes()
#7 [internal function]: App\\Providers\\RouteServiceProvider->map()
#8 /var/www/html/application/vendor/laravel/framework/src/Illuminate/Container/BoundMethod.php(37): call_user_func_array()
#9 /var/www/html/application/vendor/laravel/framework/src/Illuminate/Container/Util.php(37): Illuminate\\Container\\BoundMethod::Illuminate\\Container\\{closure}()
#10 /var/www/html/application/vendor/laravel/framework/src/Illuminate/Container/BoundMethod.php(95): Illuminate\\Container\\Util::unwrapIfClosure()
#11 /var/www/html/application/vendor/laravel/framework/src/Illuminate/Container/BoundMethod.php(39): Illuminate\\Container\\BoundMethod::callBoundMethod()
#12 /var/www/html/application/vendor/laravel/framework/src/Illuminate/Container/Container.php(596): Illuminate\\Container\\BoundMethod::call()
#13 /var/www/html/application/vendor/laravel/framework/src/Illuminate/Foundation/Support/Providers/RouteServiceProvider.php(87): Illuminate\\Container\\Container->call()
#14 /var/www/html/application/vendor/laravel/framework/src/Illuminate/Foundation/Support/Providers/RouteServiceProvider.php(36): Illuminate\\Foundation\\Support\\Providers\\RouteServiceProvider->loadRoutes()
#15 /var/www/html/application/app/Providers/RouteServiceProvider.php(34): Illuminate\\Foundation\\Support\\Providers\\RouteServiceProvider->boot()
#16 [internal function]: App\\Providers\\RouteServiceProvider->boot()
#17 /var/www/html/application/vendor/laravel/framework/src/Illuminate/Container/BoundMethod.php(37): call_user_func_array()
#18 /var/www/html/application/vendor/laravel/framework/src/Illuminate/Container/Util.php(37): Illuminate\\Container\\BoundMethod::Illuminate\\Container\\{closure}()
#19 /var/www/html/application/vendor/laravel/framework/src/Illuminate/Container/BoundMethod.php(95): Illuminate\\Container\\Util::unwrapIfClosure()
#20 /var/www/html/application/vendor/laravel/framework/src/Illuminate/Container/BoundMethod.php(39): Illuminate\\Container\\BoundMethod::callBoundMethod()
#21 /var/www/html/application/vendor/laravel/framework/src/Illuminate/Container/Container.php(596): Illuminate\\Container\\BoundMethod::call()
#22 /var/www/html/application/vendor/laravel/framework/src/Illuminate/Foundation/Application.php(867): Illuminate\\Container\\Container->call()
#23 /var/www/html/application/vendor/laravel/framework/src/Illuminate/Foundation/Application.php(850): Illuminate\\Foundation\\Application->bootProvider()
#24 [internal function]: Illuminate\\Foundation\\Application->Illuminate\\Foundation\\{closure}()
#25 /var/www/html/application/vendor/laravel/framework/src/Illuminate/Foundation/Application.php(851): array_walk()
#26 /var/www/html/application/vendor/laravel/framework/src/Illuminate/Foundation/Bootstrap/BootProviders.php(17): Illuminate\\Foundation\\Application->boot()
#27 /var/www/html/application/vendor/laravel/framework/src/Illuminate/Foundation/Application.php(230): Illuminate\\Foundation\\Bootstrap\\BootProviders->bootstrap()
#28 /var/www/html/application/vendor/laravel/framework/src/Illuminate/Foundation/Console/Kernel.php(310): Illuminate\\Foundation\\Application->bootstrapWith()
#29 /var/www/html/application/vendor/laravel/framework/src/Illuminate/Foundation/Console/Kernel.php(127): Illuminate\\Foundation\\Console\\Kernel->bootstrap()
#30 /var/www/html/application/artisan(37): Illuminate\\Foundation\\Console\\Kernel->handle()
#31 {main}
"} 
[2021-06-21 10:35:58] production.ERROR: Constant BASE_DIR already defined {"exception":"[object] (ErrorException(code: 0): Constant BASE_DIR already defined at /var/www/html/application/bootstrap/app.php:13)
[stacktrace]
#0 [internal function]: Illuminate\\Foundation\\Bootstrap\\HandleExceptions->handleError()
#1 /var/www/html/application/bootstrap/app.php(13): define()
#2 /var/www/html/application/vendor/laravel/framework/src/Illuminate/Foundation/Console/ConfigCacheCommand.php(84): require('/var/www/html/a...')
#3 /var/www/html/application/vendor/laravel/framework/src/Illuminate/Foundation/Console/ConfigCacheCommand.php(58): Illuminate\\Foundation\\Console\\ConfigCacheCommand->getFreshConfiguration()
#4 [internal function]: Illuminate\\Foundation\\Console\\ConfigCacheCommand->handle()
#5 /var/www/html/application/vendor/laravel/framework/src/Illuminate/Container/BoundMethod.php(37): call_user_func_array()
#6 /var/www/html/application/vendor/laravel/framework/src/Illuminate/Container/Util.php(37): Illuminate\\Container\\BoundMethod::Illuminate\\Container\\{closure}()
#7 /var/www/html/application/vendor/laravel/framework/src/Illuminate/Container/BoundMethod.php(95): Illuminate\\Container\\Util::unwrapIfClosure()
#8 /var/www/html/application/vendor/laravel/framework/src/Illuminate/Container/BoundMethod.php(39): Illuminate\\Container\\BoundMethod::callBoundMethod()
#9 /var/www/html/application/vendor/laravel/framework/src/Illuminate/Container/Container.php(596): Illuminate\\Container\\BoundMethod::call()
#10 /var/www/html/application/vendor/laravel/framework/src/Illuminate/Console/Command.php(134): Illuminate\\Container\\Container->call()
#11 /var/www/html/application/vendor/symfony/console/Command/Command.php(258): Illuminate\\Console\\Command->execute()
#12 /var/www/html/application/vendor/laravel/framework/src/Illuminate/Console/Command.php(121): Symfony\\Component\\Console\\Command\\Command->run()
#13 /var/www/html/application/vendor/symfony/console/Application.php(916): Illuminate\\Console\\Command->run()
#14 /var/www/html/application/vendor/symfony/console/Application.php(264): Symfony\\Component\\Console\\Application->doRunCommand()
#15 /var/www/html/application/vendor/symfony/console/Application.php(140): Symfony\\Component\\Console\\Application->doRun()
#16 /var/www/html/application/vendor/laravel/framework/src/Illuminate/Console/Application.php(93): Symfony\\Component\\Console\\Application->run()
#17 /var/www/html/application/vendor/laravel/framework/src/Illuminate/Foundation/Console/Kernel.php(129): Illuminate\\Console\\Application->run()
#18 /var/www/html/application/artisan(37): Illuminate\\Foundation\\Console\\Kernel->handle()
#19 {main}
"} 
[2021-06-21 10:36:03] production.ERROR: Constant BASE_DIR already defined {"exception":"[object] (ErrorException(code: 0): Constant BASE_DIR already defined at /var/www/html/application/bootstrap/app.php:13)
[stacktrace]
#0 [internal function]: Illuminate\\Foundation\\Bootstrap\\HandleExceptions->handleError()
#1 /var/www/html/application/bootstrap/app.php(13): define()
#2 /var/www/html/application/vendor/laravel/framework/src/Illuminate/Foundation/Console/ConfigCacheCommand.php(84): require('/var/www/html/a...')
#3 /var/www/html/application/vendor/laravel/framework/src/Illuminate/Foundation/Console/ConfigCacheCommand.php(58): Illuminate\\Foundation\\Console\\ConfigCacheCommand->getFreshConfiguration()
#4 [internal function]: Illuminate\\Foundation\\Console\\ConfigCacheCommand->handle()
#5 /var/www/html/application/vendor/laravel/framework/src/Illuminate/Container/BoundMethod.php(37): call_user_func_array()
#6 /var/www/html/application/vendor/laravel/framework/src/Illuminate/Container/Util.php(37): Illuminate\\Container\\BoundMethod::Illuminate\\Container\\{closure}()
#7 /var/www/html/application/vendor/laravel/framework/src/Illuminate/Container/BoundMethod.php(95): Illuminate\\Container\\Util::unwrapIfClosure()
#8 /var/www/html/application/vendor/laravel/framework/src/Illuminate/Container/BoundMethod.php(39): Illuminate\\Container\\BoundMethod::callBoundMethod()
#9 /var/www/html/application/vendor/laravel/framework/src/Illuminate/Container/Container.php(596): Illuminate\\Container\\BoundMethod::call()
#10 /var/www/html/application/vendor/laravel/framework/src/Illuminate/Console/Command.php(134): Illuminate\\Container\\Container->call()
#11 /var/www/html/application/vendor/symfony/console/Command/Command.php(258): Illuminate\\Console\\Command->execute()
#12 /var/www/html/application/vendor/laravel/framework/src/Illuminate/Console/Command.php(121): Symfony\\Component\\Console\\Command\\Command->run()
#13 /var/www/html/application/vendor/symfony/console/Application.php(916): Illuminate\\Console\\Command->run()
#14 /var/www/html/application/vendor/symfony/console/Application.php(264): Symfony\\Component\\Console\\Application->doRunCommand()
#15 /var/www/html/application/vendor/symfony/console/Application.php(140): Symfony\\Component\\Console\\Application->doRun()
#16 /var/www/html/application/vendor/laravel/framework/src/Illuminate/Console/Application.php(93): Symfony\\Component\\Console\\Application->run()
#17 /var/www/html/application/vendor/laravel/framework/src/Illuminate/Foundation/Console/Kernel.php(129): Illuminate\\Console\\Application->run()
#18 /var/www/html/application/artisan(37): Illuminate\\Foundation\\Console\\Kernel->handle()
#19 {main}
"} 
[2021-06-21 10:36:22] production.ERROR: Constant BASE_DIR already defined {"exception":"[object] (ErrorException(code: 0): Constant BASE_DIR already defined at /var/www/html/application/bootstrap/app.php:13)
[stacktrace]
#0 [internal function]: Illuminate\\Foundation\\Bootstrap\\HandleExceptions->handleError()
#1 /var/www/html/application/bootstrap/app.php(13): define()
#2 /var/www/html/application/vendor/laravel/framework/src/Illuminate/Foundation/Console/ConfigCacheCommand.php(84): require('/var/www/html/a...')
#3 /var/www/html/application/vendor/laravel/framework/src/Illuminate/Foundation/Console/ConfigCacheCommand.php(58): Illuminate\\Foundation\\Console\\ConfigCacheCommand->getFreshConfiguration()
#4 [internal function]: Illuminate\\Foundation\\Console\\ConfigCacheCommand->handle()
#5 /var/www/html/application/vendor/laravel/framework/src/Illuminate/Container/BoundMethod.php(37): call_user_func_array()
#6 /var/www/html/application/vendor/laravel/framework/src/Illuminate/Container/Util.php(37): Illuminate\\Container\\BoundMethod::Illuminate\\Container\\{closure}()
#7 /var/www/html/application/vendor/laravel/framework/src/Illuminate/Container/BoundMethod.php(95): Illuminate\\Container\\Util::unwrapIfClosure()
#8 /var/www/html/application/vendor/laravel/framework/src/Illuminate/Container/BoundMethod.php(39): Illuminate\\Container\\BoundMethod::callBoundMethod()
#9 /var/www/html/application/vendor/laravel/framework/src/Illuminate/Container/Container.php(596): Illuminate\\Container\\BoundMethod::call()
#10 /var/www/html/application/vendor/laravel/framework/src/Illuminate/Console/Command.php(134): Illuminate\\Container\\Container->call()
#11 /var/www/html/application/vendor/symfony/console/Command/Command.php(258): Illuminate\\Console\\Command->execute()
#12 /var/www/html/application/vendor/laravel/framework/src/Illuminate/Console/Command.php(121): Symfony\\Component\\Console\\Command\\Command->run()
#13 /var/www/html/application/vendor/symfony/console/Application.php(916): Illuminate\\Console\\Command->run()
#14 /var/www/html/application/vendor/symfony/console/Application.php(264): Symfony\\Component\\Console\\Application->doRunCommand()
#15 /var/www/html/application/vendor/symfony/console/Application.php(140): Symfony\\Component\\Console\\Application->doRun()
#16 /var/www/html/application/vendor/laravel/framework/src/Illuminate/Console/Application.php(93): Symfony\\Component\\Console\\Application->run()
#17 /var/www/html/application/vendor/laravel/framework/src/Illuminate/Foundation/Console/Kernel.php(129): Illuminate\\Console\\Application->run()
#18 /var/www/html/application/artisan(37): Illuminate\\Foundation\\Console\\Kernel->handle()
#19 {main}
"} 
[2021-06-21 10:36:46] production.ERROR: Constant BASE_DIR already defined {"exception":"[object] (ErrorException(code: 0): Constant BASE_DIR already defined at /var/www/html/application/bootstrap/app.php:13)
[stacktrace]
#0 [internal function]: Illuminate\\Foundation\\Bootstrap\\HandleExceptions->handleError()
#1 /var/www/html/application/bootstrap/app.php(13): define()
#2 /var/www/html/application/vendor/laravel/framework/src/Illuminate/Foundation/Console/ConfigCacheCommand.php(84): require('/var/www/html/a...')
#3 /var/www/html/application/vendor/laravel/framework/src/Illuminate/Foundation/Console/ConfigCacheCommand.php(58): Illuminate\\Foundation\\Console\\ConfigCacheCommand->getFreshConfiguration()
#4 [internal function]: Illuminate\\Foundation\\Console\\ConfigCacheCommand->handle()
#5 /var/www/html/application/vendor/laravel/framework/src/Illuminate/Container/BoundMethod.php(37): call_user_func_array()
#6 /var/www/html/application/vendor/laravel/framework/src/Illuminate/Container/Util.php(37): Illuminate\\Container\\BoundMethod::Illuminate\\Container\\{closure}()
#7 /var/www/html/application/vendor/laravel/framework/src/Illuminate/Container/BoundMethod.php(95): Illuminate\\Container\\Util::unwrapIfClosure()
#8 /var/www/html/application/vendor/laravel/framework/src/Illuminate/Container/BoundMethod.php(39): Illuminate\\Container\\BoundMethod::callBoundMethod()
#9 /var/www/html/application/vendor/laravel/framework/src/Illuminate/Container/Container.php(596): Illuminate\\Container\\BoundMethod::call()
#10 /var/www/html/application/vendor/laravel/framework/src/Illuminate/Console/Command.php(134): Illuminate\\Container\\Container->call()
#11 /var/www/html/application/vendor/symfony/console/Command/Command.php(258): Illuminate\\Console\\Command->execute()
#12 /var/www/html/application/vendor/laravel/framework/src/Illuminate/Console/Command.php(121): Symfony\\Component\\Console\\Command\\Command->run()
#13 /var/www/html/application/vendor/symfony/console/Application.php(916): Illuminate\\Console\\Command->run()
#14 /var/www/html/application/vendor/symfony/console/Application.php(264): Symfony\\Component\\Console\\Application->doRunCommand()
#15 /var/www/html/application/vendor/symfony/console/Application.php(140): Symfony\\Component\\Console\\Application->doRun()
#16 /var/www/html/application/vendor/laravel/framework/src/Illuminate/Console/Application.php(93): Symfony\\Component\\Console\\Application->run()
#17 /var/www/html/application/vendor/laravel/framework/src/Illuminate/Foundation/Console/Kernel.php(129): Illuminate\\Console\\Application->run()
#18 /var/www/html/application/artisan(37): Illuminate\\Foundation\\Console\\Kernel->handle()
#19 {main}
"} 
[2021-06-21 10:39:19] production.ERROR: Constant BASE_DIR already defined {"exception":"[object] (ErrorException(code: 0): Constant BASE_DIR already defined at /var/www/html/application/bootstrap/app.php:13)
[stacktrace]
#0 [internal function]: Illuminate\\Foundation\\Bootstrap\\HandleExceptions->handleError()
#1 /var/www/html/application/bootstrap/app.php(13): define()
#2 /var/www/html/application/vendor/laravel/framework/src/Illuminate/Foundation/Console/ConfigCacheCommand.php(84): require('/var/www/html/a...')
#3 /var/www/html/application/vendor/laravel/framework/src/Illuminate/Foundation/Console/ConfigCacheCommand.php(58): Illuminate\\Foundation\\Console\\ConfigCacheCommand->getFreshConfiguration()
#4 [internal function]: Illuminate\\Foundation\\Console\\ConfigCacheCommand->handle()
#5 /var/www/html/application/vendor/laravel/framework/src/Illuminate/Container/BoundMethod.php(37): call_user_func_array()
#6 /var/www/html/application/vendor/laravel/framework/src/Illuminate/Container/Util.php(37): Illuminate\\Container\\BoundMethod::Illuminate\\Container\\{closure}()
#7 /var/www/html/application/vendor/laravel/framework/src/Illuminate/Container/BoundMethod.php(95): Illuminate\\Container\\Util::unwrapIfClosure()
#8 /var/www/html/application/vendor/laravel/framework/src/Illuminate/Container/BoundMethod.php(39): Illuminate\\Container\\BoundMethod::callBoundMethod()
#9 /var/www/html/application/vendor/laravel/framework/src/Illuminate/Container/Container.php(596): Illuminate\\Container\\BoundMethod::call()
#10 /var/www/html/application/vendor/laravel/framework/src/Illuminate/Console/Command.php(134): Illuminate\\Container\\Container->call()
#11 /var/www/html/application/vendor/symfony/console/Command/Command.php(258): Illuminate\\Console\\Command->execute()
#12 /var/www/html/application/vendor/laravel/framework/src/Illuminate/Console/Command.php(121): Symfony\\Component\\Console\\Command\\Command->run()
#13 /var/www/html/application/vendor/symfony/console/Application.php(916): Illuminate\\Console\\Command->run()
#14 /var/www/html/application/vendor/symfony/console/Application.php(264): Symfony\\Component\\Console\\Application->doRunCommand()
#15 /var/www/html/application/vendor/symfony/console/Application.php(140): Symfony\\Component\\Console\\Application->doRun()
#16 /var/www/html/application/vendor/laravel/framework/src/Illuminate/Console/Application.php(93): Symfony\\Component\\Console\\Application->run()
#17 /var/www/html/application/vendor/laravel/framework/src/Illuminate/Foundation/Console/Kernel.php(129): Illuminate\\Console\\Application->run()
#18 /var/www/html/application/artisan(37): Illuminate\\Foundation\\Console\\Kernel->handle()
#19 {main}
"} 
[2021-06-21 10:39:22] production.ERROR: Constant BASE_DIR already defined {"exception":"[object] (ErrorException(code: 0): Constant BASE_DIR already defined at /var/www/html/application/bootstrap/app.php:13)
[stacktrace]
#0 [internal function]: Illuminate\\Foundation\\Bootstrap\\HandleExceptions->handleError()
#1 /var/www/html/application/bootstrap/app.php(13): define()
#2 /var/www/html/application/vendor/laravel/framework/src/Illuminate/Foundation/Console/ConfigCacheCommand.php(84): require('/var/www/html/a...')
#3 /var/www/html/application/vendor/laravel/framework/src/Illuminate/Foundation/Console/ConfigCacheCommand.php(58): Illuminate\\Foundation\\Console\\ConfigCacheCommand->getFreshConfiguration()
#4 [internal function]: Illuminate\\Foundation\\Console\\ConfigCacheCommand->handle()
#5 /var/www/html/application/vendor/laravel/framework/src/Illuminate/Container/BoundMethod.php(37): call_user_func_array()
#6 /var/www/html/application/vendor/laravel/framework/src/Illuminate/Container/Util.php(37): Illuminate\\Container\\BoundMethod::Illuminate\\Container\\{closure}()
#7 /var/www/html/application/vendor/laravel/framework/src/Illuminate/Container/BoundMethod.php(95): Illuminate\\Container\\Util::unwrapIfClosure()
#8 /var/www/html/application/vendor/laravel/framework/src/Illuminate/Container/BoundMethod.php(39): Illuminate\\Container\\BoundMethod::callBoundMethod()
#9 /var/www/html/application/vendor/laravel/framework/src/Illuminate/Container/Container.php(596): Illuminate\\Container\\BoundMethod::call()
#10 /var/www/html/application/vendor/laravel/framework/src/Illuminate/Console/Command.php(134): Illuminate\\Container\\Container->call()
#11 /var/www/html/application/vendor/symfony/console/Command/Command.php(258): Illuminate\\Console\\Command->execute()
#12 /var/www/html/application/vendor/laravel/framework/src/Illuminate/Console/Command.php(121): Symfony\\Component\\Console\\Command\\Command->run()
#13 /var/www/html/application/vendor/symfony/console/Application.php(916): Illuminate\\Console\\Command->run()
#14 /var/www/html/application/vendor/symfony/console/Application.php(264): Symfony\\Component\\Console\\Application->doRunCommand()
#15 /var/www/html/application/vendor/symfony/console/Application.php(140): Symfony\\Component\\Console\\Application->doRun()
#16 /var/www/html/application/vendor/laravel/framework/src/Illuminate/Console/Application.php(93): Symfony\\Component\\Console\\Application->run()
#17 /var/www/html/application/vendor/laravel/framework/src/Illuminate/Foundation/Console/Kernel.php(129): Illuminate\\Console\\Application->run()
#18 /var/www/html/application/artisan(37): Illuminate\\Foundation\\Console\\Kernel->handle()
#19 {main}
"} 
[2021-06-21 10:39:35] production.ERROR: Constant BASE_DIR already defined {"exception":"[object] (ErrorException(code: 0): Constant BASE_DIR already defined at /var/www/html/application/bootstrap/app.php:13)
[stacktrace]
#0 [internal function]: Illuminate\\Foundation\\Bootstrap\\HandleExceptions->handleError()
#1 /var/www/html/application/bootstrap/app.php(13): define()
#2 /var/www/html/application/vendor/laravel/framework/src/Illuminate/Foundation/Console/ConfigCacheCommand.php(84): require('/var/www/html/a...')
#3 /var/www/html/application/vendor/laravel/framework/src/Illuminate/Foundation/Console/ConfigCacheCommand.php(58): Illuminate\\Foundation\\Console\\ConfigCacheCommand->getFreshConfiguration()
#4 [internal function]: Illuminate\\Foundation\\Console\\ConfigCacheCommand->handle()
#5 /var/www/html/application/vendor/laravel/framework/src/Illuminate/Container/BoundMethod.php(37): call_user_func_array()
#6 /var/www/html/application/vendor/laravel/framework/src/Illuminate/Container/Util.php(37): Illuminate\\Container\\BoundMethod::Illuminate\\Container\\{closure}()
#7 /var/www/html/application/vendor/laravel/framework/src/Illuminate/Container/BoundMethod.php(95): Illuminate\\Container\\Util::unwrapIfClosure()
#8 /var/www/html/application/vendor/laravel/framework/src/Illuminate/Container/BoundMethod.php(39): Illuminate\\Container\\BoundMethod::callBoundMethod()
#9 /var/www/html/application/vendor/laravel/framework/src/Illuminate/Container/Container.php(596): Illuminate\\Container\\BoundMethod::call()
#10 /var/www/html/application/vendor/laravel/framework/src/Illuminate/Console/Command.php(134): Illuminate\\Container\\Container->call()
#11 /var/www/html/application/vendor/symfony/console/Command/Command.php(258): Illuminate\\Console\\Command->execute()
#12 /var/www/html/application/vendor/laravel/framework/src/Illuminate/Console/Command.php(121): Symfony\\Component\\Console\\Command\\Command->run()
#13 /var/www/html/application/vendor/symfony/console/Application.php(916): Illuminate\\Console\\Command->run()
#14 /var/www/html/application/vendor/symfony/console/Application.php(264): Symfony\\Component\\Console\\Application->doRunCommand()
#15 /var/www/html/application/vendor/symfony/console/Application.php(140): Symfony\\Component\\Console\\Application->doRun()
#16 /var/www/html/application/vendor/laravel/framework/src/Illuminate/Console/Application.php(93): Symfony\\Component\\Console\\Application->run()
#17 /var/www/html/application/vendor/laravel/framework/src/Illuminate/Foundation/Console/Kernel.php(129): Illuminate\\Console\\Application->run()
#18 /var/www/html/application/artisan(37): Illuminate\\Foundation\\Console\\Kernel->handle()
#19 {main}
"} 
[2021-06-21 10:39:43] production.ERROR: There are no commands defined in the "clear" namespace. {"exception":"[object] (Symfony\\Component\\Console\\Exception\\NamespaceNotFoundException(code: 0): There are no commands defined in the \"clear\" namespace. at /var/www/html/application/vendor/symfony/console/Application.php:579)
[stacktrace]
#0 /var/www/html/application/vendor/symfony/console/Application.php(630): Symfony\\Component\\Console\\Application->findNamespace()
#1 /var/www/html/application/vendor/symfony/console/Application.php(228): Symfony\\Component\\Console\\Application->find()
#2 /var/www/html/application/vendor/symfony/console/Application.php(140): Symfony\\Component\\Console\\Application->doRun()
#3 /var/www/html/application/vendor/laravel/framework/src/Illuminate/Console/Application.php(93): Symfony\\Component\\Console\\Application->run()
#4 /var/www/html/application/vendor/laravel/framework/src/Illuminate/Foundation/Console/Kernel.php(129): Illuminate\\Console\\Application->run()
#5 /var/www/html/application/artisan(37): Illuminate\\Foundation\\Console\\Kernel->handle()
#6 {main}
"} 
[2021-06-21 10:41:54] production.ERROR: Constant BASE_DIR already defined {"exception":"[object] (ErrorException(code: 0): Constant BASE_DIR already defined at /var/www/html/application/bootstrap/app.php:13)
[stacktrace]
#0 [internal function]: Illuminate\\Foundation\\Bootstrap\\HandleExceptions->handleError()
#1 /var/www/html/application/bootstrap/app.php(13): define()
#2 /var/www/html/application/vendor/laravel/framework/src/Illuminate/Foundation/Console/ConfigCacheCommand.php(84): require('/var/www/html/a...')
#3 /var/www/html/application/vendor/laravel/framework/src/Illuminate/Foundation/Console/ConfigCacheCommand.php(58): Illuminate\\Foundation\\Console\\ConfigCacheCommand->getFreshConfiguration()
#4 [internal function]: Illuminate\\Foundation\\Console\\ConfigCacheCommand->handle()
#5 /var/www/html/application/vendor/laravel/framework/src/Illuminate/Container/BoundMethod.php(37): call_user_func_array()
#6 /var/www/html/application/vendor/laravel/framework/src/Illuminate/Container/Util.php(37): Illuminate\\Container\\BoundMethod::Illuminate\\Container\\{closure}()
#7 /var/www/html/application/vendor/laravel/framework/src/Illuminate/Container/BoundMethod.php(95): Illuminate\\Container\\Util::unwrapIfClosure()
#8 /var/www/html/application/vendor/laravel/framework/src/Illuminate/Container/BoundMethod.php(39): Illuminate\\Container\\BoundMethod::callBoundMethod()
#9 /var/www/html/application/vendor/laravel/framework/src/Illuminate/Container/Container.php(596): Illuminate\\Container\\BoundMethod::call()
#10 /var/www/html/application/vendor/laravel/framework/src/Illuminate/Console/Command.php(134): Illuminate\\Container\\Container->call()
#11 /var/www/html/application/vendor/symfony/console/Command/Command.php(258): Illuminate\\Console\\Command->execute()
#12 /var/www/html/application/vendor/laravel/framework/src/Illuminate/Console/Command.php(121): Symfony\\Component\\Console\\Command\\Command->run()
#13 /var/www/html/application/vendor/symfony/console/Application.php(916): Illuminate\\Console\\Command->run()
#14 /var/www/html/application/vendor/symfony/console/Application.php(264): Symfony\\Component\\Console\\Application->doRunCommand()
#15 /var/www/html/application/vendor/symfony/console/Application.php(140): Symfony\\Component\\Console\\Application->doRun()
#16 /var/www/html/application/vendor/laravel/framework/src/Illuminate/Console/Application.php(93): Symfony\\Component\\Console\\Application->run()
#17 /var/www/html/application/vendor/laravel/framework/src/Illuminate/Foundation/Console/Kernel.php(129): Illuminate\\Console\\Application->run()
#18 /var/www/html/application/artisan(37): Illuminate\\Foundation\\Console\\Kernel->handle()
#19 {main}
"} 
[2021-06-21 09:08:14] production.ERROR: The use statement with non-compound name 'Mail' has no effect {"exception":"[object] (ErrorException(code: 0): The use statement with non-compound name 'Mail' has no effect at /var/www/html/application/routes/web.php:2)
[stacktrace]
#0 /var/www/html/application/vendor/laravel/framework/src/Illuminate/Routing/RouteFileRegistrar.php(35): Illuminate\\Foundation\\Bootstrap\\HandleExceptions->handleError()
#1 /var/www/html/application/vendor/laravel/framework/src/Illuminate/Routing/RouteFileRegistrar.php(35): require()
#2 /var/www/html/application/vendor/laravel/framework/src/Illuminate/Routing/Router.php(417): Illuminate\\Routing\\RouteFileRegistrar->register()
#3 /var/www/html/application/vendor/laravel/framework/src/Illuminate/Routing/Router.php(374): Illuminate\\Routing\\Router->loadRoutes()
#4 /var/www/html/application/vendor/laravel/framework/src/Illuminate/Routing/RouteRegistrar.php(134): Illuminate\\Routing\\Router->group()
#5 /var/www/html/application/app/Providers/RouteServiceProvider.php(62): Illuminate\\Routing\\RouteRegistrar->group()
#6 /var/www/html/application/app/Providers/RouteServiceProvider.php(46): App\\Providers\\RouteServiceProvider->mapWebRoutes()
#7 [internal function]: App\\Providers\\RouteServiceProvider->map()
#8 /var/www/html/application/vendor/laravel/framework/src/Illuminate/Container/BoundMethod.php(37): call_user_func_array()
#9 /var/www/html/application/vendor/laravel/framework/src/Illuminate/Container/Util.php(37): Illuminate\\Container\\BoundMethod::Illuminate\\Container\\{closure}()
#10 /var/www/html/application/vendor/laravel/framework/src/Illuminate/Container/BoundMethod.php(95): Illuminate\\Container\\Util::unwrapIfClosure()
#11 /var/www/html/application/vendor/laravel/framework/src/Illuminate/Container/BoundMethod.php(39): Illuminate\\Container\\BoundMethod::callBoundMethod()
#12 /var/www/html/application/vendor/laravel/framework/src/Illuminate/Container/Container.php(596): Illuminate\\Container\\BoundMethod::call()
#13 /var/www/html/application/vendor/laravel/framework/src/Illuminate/Foundation/Support/Providers/RouteServiceProvider.php(87): Illuminate\\Container\\Container->call()
#14 /var/www/html/application/vendor/laravel/framework/src/Illuminate/Foundation/Support/Providers/RouteServiceProvider.php(36): Illuminate\\Foundation\\Support\\Providers\\RouteServiceProvider->loadRoutes()
#15 /var/www/html/application/app/Providers/RouteServiceProvider.php(34): Illuminate\\Foundation\\Support\\Providers\\RouteServiceProvider->boot()
#16 [internal function]: App\\Providers\\RouteServiceProvider->boot()
#17 /var/www/html/application/vendor/laravel/framework/src/Illuminate/Container/BoundMethod.php(37): call_user_func_array()
#18 /var/www/html/application/vendor/laravel/framework/src/Illuminate/Container/Util.php(37): Illuminate\\Container\\BoundMethod::Illuminate\\Container\\{closure}()
#19 /var/www/html/application/vendor/laravel/framework/src/Illuminate/Container/BoundMethod.php(95): Illuminate\\Container\\Util::unwrapIfClosure()
#20 /var/www/html/application/vendor/laravel/framework/src/Illuminate/Container/BoundMethod.php(39): Illuminate\\Container\\BoundMethod::callBoundMethod()
#21 /var/www/html/application/vendor/laravel/framework/src/Illuminate/Container/Container.php(596): Illuminate\\Container\\BoundMethod::call()
#22 /var/www/html/application/vendor/laravel/framework/src/Illuminate/Foundation/Application.php(867): Illuminate\\Container\\Container->call()
#23 /var/www/html/application/vendor/laravel/framework/src/Illuminate/Foundation/Application.php(850): Illuminate\\Foundation\\Application->bootProvider()
#24 [internal function]: Illuminate\\Foundation\\Application->Illuminate\\Foundation\\{closure}()
#25 /var/www/html/application/vendor/laravel/framework/src/Illuminate/Foundation/Application.php(851): array_walk()
#26 /var/www/html/application/vendor/laravel/framework/src/Illuminate/Foundation/Bootstrap/BootProviders.php(17): Illuminate\\Foundation\\Application->boot()
#27 /var/www/html/application/vendor/laravel/framework/src/Illuminate/Foundation/Application.php(230): Illuminate\\Foundation\\Bootstrap\\BootProviders->bootstrap()
#28 /var/www/html/application/vendor/laravel/framework/src/Illuminate/Foundation/Console/Kernel.php(310): Illuminate\\Foundation\\Application->bootstrapWith()
#29 /var/www/html/application/vendor/laravel/framework/src/Illuminate/Foundation/Console/Kernel.php(127): Illuminate\\Foundation\\Console\\Kernel->bootstrap()
#30 /var/www/html/application/artisan(37): Illuminate\\Foundation\\Console\\Kernel->handle()
#31 {main}
"} 
[2021-06-21 09:08:19] production.ERROR: The use statement with non-compound name 'Mail' has no effect {"exception":"[object] (ErrorException(code: 0): The use statement with non-compound name 'Mail' has no effect at /var/www/html/application/routes/web.php:2)
[stacktrace]
#0 /var/www/html/application/vendor/laravel/framework/src/Illuminate/Routing/RouteFileRegistrar.php(35): Illuminate\\Foundation\\Bootstrap\\HandleExceptions->handleError()
#1 /var/www/html/application/vendor/laravel/framework/src/Illuminate/Routing/RouteFileRegistrar.php(35): require()
#2 /var/www/html/application/vendor/laravel/framework/src/Illuminate/Routing/Router.php(417): Illuminate\\Routing\\RouteFileRegistrar->register()
#3 /var/www/html/application/vendor/laravel/framework/src/Illuminate/Routing/Router.php(374): Illuminate\\Routing\\Router->loadRoutes()
#4 /var/www/html/application/vendor/laravel/framework/src/Illuminate/Routing/RouteRegistrar.php(134): Illuminate\\Routing\\Router->group()
#5 /var/www/html/application/app/Providers/RouteServiceProvider.php(62): Illuminate\\Routing\\RouteRegistrar->group()
#6 /var/www/html/application/app/Providers/RouteServiceProvider.php(46): App\\Providers\\RouteServiceProvider->mapWebRoutes()
#7 [internal function]: App\\Providers\\RouteServiceProvider->map()
#8 /var/www/html/application/vendor/laravel/framework/src/Illuminate/Container/BoundMethod.php(37): call_user_func_array()
#9 /var/www/html/application/vendor/laravel/framework/src/Illuminate/Container/Util.php(37): Illuminate\\Container\\BoundMethod::Illuminate\\Container\\{closure}()
#10 /var/www/html/application/vendor/laravel/framework/src/Illuminate/Container/BoundMethod.php(95): Illuminate\\Container\\Util::unwrapIfClosure()
#11 /var/www/html/application/vendor/laravel/framework/src/Illuminate/Container/BoundMethod.php(39): Illuminate\\Container\\BoundMethod::callBoundMethod()
#12 /var/www/html/application/vendor/laravel/framework/src/Illuminate/Container/Container.php(596): Illuminate\\Container\\BoundMethod::call()
#13 /var/www/html/application/vendor/laravel/framework/src/Illuminate/Foundation/Support/Providers/RouteServiceProvider.php(87): Illuminate\\Container\\Container->call()
#14 /var/www/html/application/vendor/laravel/framework/src/Illuminate/Foundation/Support/Providers/RouteServiceProvider.php(36): Illuminate\\Foundation\\Support\\Providers\\RouteServiceProvider->loadRoutes()
#15 /var/www/html/application/app/Providers/RouteServiceProvider.php(34): Illuminate\\Foundation\\Support\\Providers\\RouteServiceProvider->boot()
#16 [internal function]: App\\Providers\\RouteServiceProvider->boot()
#17 /var/www/html/application/vendor/laravel/framework/src/Illuminate/Container/BoundMethod.php(37): call_user_func_array()
#18 /var/www/html/application/vendor/laravel/framework/src/Illuminate/Container/Util.php(37): Illuminate\\Container\\BoundMethod::Illuminate\\Container\\{closure}()
#19 /var/www/html/application/vendor/laravel/framework/src/Illuminate/Container/BoundMethod.php(95): Illuminate\\Container\\Util::unwrapIfClosure()
#20 /var/www/html/application/vendor/laravel/framework/src/Illuminate/Container/BoundMethod.php(39): Illuminate\\Container\\BoundMethod::callBoundMethod()
#21 /var/www/html/application/vendor/laravel/framework/src/Illuminate/Container/Container.php(596): Illuminate\\Container\\BoundMethod::call()
#22 /var/www/html/application/vendor/laravel/framework/src/Illuminate/Foundation/Application.php(867): Illuminate\\Container\\Container->call()
#23 /var/www/html/application/vendor/laravel/framework/src/Illuminate/Foundation/Application.php(850): Illuminate\\Foundation\\Application->bootProvider()
#24 [internal function]: Illuminate\\Foundation\\Application->Illuminate\\Foundation\\{closure}()
#25 /var/www/html/application/vendor/laravel/framework/src/Illuminate/Foundation/Application.php(851): array_walk()
#26 /var/www/html/application/vendor/laravel/framework/src/Illuminate/Foundation/Bootstrap/BootProviders.php(17): Illuminate\\Foundation\\Application->boot()
#27 /var/www/html/application/vendor/laravel/framework/src/Illuminate/Foundation/Application.php(230): Illuminate\\Foundation\\Bootstrap\\BootProviders->bootstrap()
#28 /var/www/html/application/vendor/laravel/framework/src/Illuminate/Foundation/Console/Kernel.php(310): Illuminate\\Foundation\\Application->bootstrapWith()
#29 /var/www/html/application/vendor/laravel/framework/src/Illuminate/Foundation/Console/Kernel.php(127): Illuminate\\Foundation\\Console\\Kernel->bootstrap()
#30 /var/www/html/application/artisan(37): Illuminate\\Foundation\\Console\\Kernel->handle()
#31 {main}
"} 
[2021-06-21 09:08:43] production.ERROR: The use statement with non-compound name 'Mail' has no effect {"exception":"[object] (ErrorException(code: 0): The use statement with non-compound name 'Mail' has no effect at /var/www/html/application/routes/web.php:2)
[stacktrace]
#0 /var/www/html/application/vendor/laravel/framework/src/Illuminate/Routing/RouteFileRegistrar.php(35): Illuminate\\Foundation\\Bootstrap\\HandleExceptions->handleError()
#1 /var/www/html/application/vendor/laravel/framework/src/Illuminate/Routing/RouteFileRegistrar.php(35): require()
#2 /var/www/html/application/vendor/laravel/framework/src/Illuminate/Routing/Router.php(417): Illuminate\\Routing\\RouteFileRegistrar->register()
#3 /var/www/html/application/vendor/laravel/framework/src/Illuminate/Routing/Router.php(374): Illuminate\\Routing\\Router->loadRoutes()
#4 /var/www/html/application/vendor/laravel/framework/src/Illuminate/Routing/RouteRegistrar.php(134): Illuminate\\Routing\\Router->group()
#5 /var/www/html/application/app/Providers/RouteServiceProvider.php(62): Illuminate\\Routing\\RouteRegistrar->group()
#6 /var/www/html/application/app/Providers/RouteServiceProvider.php(46): App\\Providers\\RouteServiceProvider->mapWebRoutes()
#7 [internal function]: App\\Providers\\RouteServiceProvider->map()
#8 /var/www/html/application/vendor/laravel/framework/src/Illuminate/Container/BoundMethod.php(37): call_user_func_array()
#9 /var/www/html/application/vendor/laravel/framework/src/Illuminate/Container/Util.php(37): Illuminate\\Container\\BoundMethod::Illuminate\\Container\\{closure}()
#10 /var/www/html/application/vendor/laravel/framework/src/Illuminate/Container/BoundMethod.php(95): Illuminate\\Container\\Util::unwrapIfClosure()
#11 /var/www/html/application/vendor/laravel/framework/src/Illuminate/Container/BoundMethod.php(39): Illuminate\\Container\\BoundMethod::callBoundMethod()
#12 /var/www/html/application/vendor/laravel/framework/src/Illuminate/Container/Container.php(596): Illuminate\\Container\\BoundMethod::call()
#13 /var/www/html/application/vendor/laravel/framework/src/Illuminate/Foundation/Support/Providers/RouteServiceProvider.php(87): Illuminate\\Container\\Container->call()
#14 /var/www/html/application/vendor/laravel/framework/src/Illuminate/Foundation/Support/Providers/RouteServiceProvider.php(36): Illuminate\\Foundation\\Support\\Providers\\RouteServiceProvider->loadRoutes()
#15 /var/www/html/application/app/Providers/RouteServiceProvider.php(34): Illuminate\\Foundation\\Support\\Providers\\RouteServiceProvider->boot()
#16 [internal function]: App\\Providers\\RouteServiceProvider->boot()
#17 /var/www/html/application/vendor/laravel/framework/src/Illuminate/Container/BoundMethod.php(37): call_user_func_array()
#18 /var/www/html/application/vendor/laravel/framework/src/Illuminate/Container/Util.php(37): Illuminate\\Container\\BoundMethod::Illuminate\\Container\\{closure}()
#19 /var/www/html/application/vendor/laravel/framework/src/Illuminate/Container/BoundMethod.php(95): Illuminate\\Container\\Util::unwrapIfClosure()
#20 /var/www/html/application/vendor/laravel/framework/src/Illuminate/Container/BoundMethod.php(39): Illuminate\\Container\\BoundMethod::callBoundMethod()
#21 /var/www/html/application/vendor/laravel/framework/src/Illuminate/Container/Container.php(596): Illuminate\\Container\\BoundMethod::call()
#22 /var/www/html/application/vendor/laravel/framework/src/Illuminate/Foundation/Application.php(867): Illuminate\\Container\\Container->call()
#23 /var/www/html/application/vendor/laravel/framework/src/Illuminate/Foundation/Application.php(850): Illuminate\\Foundation\\Application->bootProvider()
#24 [internal function]: Illuminate\\Foundation\\Application->Illuminate\\Foundation\\{closure}()
#25 /var/www/html/application/vendor/laravel/framework/src/Illuminate/Foundation/Application.php(851): array_walk()
#26 /var/www/html/application/vendor/laravel/framework/src/Illuminate/Foundation/Bootstrap/BootProviders.php(17): Illuminate\\Foundation\\Application->boot()
#27 /var/www/html/application/vendor/laravel/framework/src/Illuminate/Foundation/Application.php(230): Illuminate\\Foundation\\Bootstrap\\BootProviders->bootstrap()
#28 /var/www/html/application/vendor/laravel/framework/src/Illuminate/Foundation/Console/Kernel.php(310): Illuminate\\Foundation\\Application->bootstrapWith()
#29 /var/www/html/application/vendor/laravel/framework/src/Illuminate/Foundation/Console/Kernel.php(127): Illuminate\\Foundation\\Console\\Kernel->bootstrap()
#30 /var/www/html/application/artisan(37): Illuminate\\Foundation\\Console\\Kernel->handle()
#31 {main}
"} 
